<?xml version="1.0" encoding="UTF-8"?>
<!-- Generated by org.testng.reporters.JUnitReportReporter -->
<testsuite skipped="0" hostname="Venkateswaras-MacBook-Air.local" name="crm.testcases.HomePageTest" tests="4" failures="0" timestamp="2021-05-03T13:04:23 EDT" time="38.061" errors="0">
  <testcase name="homePageURLTest" time="9.376" classname="crm.testcases.HomePageTest"/>
  <system-out/>
  <testcase name="homePageUsernameDisplayTest" time="8.774" classname="crm.testcases.HomePageTest"/>
  <system-out/>
  <testcase name="contactsOptionTest" time="9.953" classname="crm.testcases.HomePageTest"/>
  <system-out/>
  <testcase name="newcontactOptionTest" time="9.958" classname="crm.testcases.HomePageTest"/>
  <system-out/>
</testsuite> <!-- crm.testcases.HomePageTest -->
