<?xml version="1.0" encoding="UTF-8"?>
<!-- Generated by org.testng.reporters.JUnitReportReporter -->
<testsuite skipped="0" hostname="Venkateswaras-MacBook-Air.local" name="crm.testcases.SignUpPageTest" tests="7" failures="0" timestamp="2021-05-03T13:04:23 EDT" time="67.856" errors="0">
  <testcase name="signupPageURLTest" time="8.695" classname="crm.testcases.SignUpPageTest"/>
  <system-out/>
  <testcase name="registrationTest" time="10.226" classname="crm.testcases.SignUpPageTest"/>
  <system-out/>
  <testcase name="registrationTest" time="9.937" classname="crm.testcases.SignUpPageTest"/>
  <system-out/>
  <testcase name="registrationTest" time="9.759" classname="crm.testcases.SignUpPageTest"/>
  <system-out/>
  <testcase name="registrationTest" time="9.890" classname="crm.testcases.SignUpPageTest"/>
  <system-out/>
  <testcase name="registrationTest" time="9.584" classname="crm.testcases.SignUpPageTest"/>
  <system-out/>
  <testcase name="registrationTest" time="9.765" classname="crm.testcases.SignUpPageTest"/>
  <system-out/>
</testsuite> <!-- crm.testcases.SignUpPageTest -->
