<?xml version="1.0" encoding="UTF-8"?>
<!-- Generated by org.testng.reporters.JUnitReportReporter -->
<testsuite skipped="0" hostname="Venkateswaras-MacBook-Air.local" name="crm.testcases.LoginPageTest" tests="3" failures="0" timestamp="2021-05-03T13:04:23 EDT" time="26.632" errors="0">
  <testcase name="loginPageTitleTest" time="9.252" classname="crm.testcases.LoginPageTest"/>
  <system-out/>
  <testcase name="loginTest" time="8.676" classname="crm.testcases.LoginPageTest"/>
  <system-out/>
  <testcase name="signuplinkTest" time="8.704" classname="crm.testcases.LoginPageTest"/>
  <system-out/>
</testsuite> <!-- crm.testcases.LoginPageTest -->
