<?xml version="1.0" encoding="UTF-8"?>
<!-- Generated by org.testng.reporters.JUnitReportReporter -->
<testsuite skipped="0" hostname="Venkateswaras-MacBook-Air.local" name="crm.testcases.DealsPageTest" tests="2" failures="0" timestamp="2021-05-03T13:04:23 EDT" time="19.556" errors="0">
  <testcase name="dealsPageURLTest" time="9.751" classname="crm.testcases.DealsPageTest"/>
  <system-out/>
  <testcase name="dealsLabelDisplayTest" time="9.805" classname="crm.testcases.DealsPageTest"/>
  <system-out/>
</testsuite> <!-- crm.testcases.DealsPageTest -->
