<?xml version="1.0" encoding="UTF-8"?>
<!-- Generated by org.testng.reporters.JUnitReportReporter -->
<testsuite skipped="0" hostname="Venkateswaras-MacBook-Air.local" name="crm.testcases.ContactsPageTest" tests="10" failures="0" timestamp="2021-05-03T13:04:23 EDT" time="127.248" errors="0">
  <testcase name="contactPageURLTest" time="9.752" classname="crm.testcases.ContactsPageTest"/>
  <system-out/>
  <testcase name="contactsPageContactsLabelTest" time="9.782" classname="crm.testcases.ContactsPageTest"/>
  <system-out/>
  <testcase name="contactsPageCheckBoxTest" time="10.066" classname="crm.testcases.ContactsPageTest"/>
  <system-out/>
  <testcase name="contactsPageCheckBoxesTest" time="10.130" classname="crm.testcases.ContactsPageTest"/>
  <system-out/>
  <testcase name="addContactsTest" time="14.793" classname="crm.testcases.ContactsPageTest"/>
  <system-out/>
  <testcase name="addContactsTest" time="15.161" classname="crm.testcases.ContactsPageTest"/>
  <system-out/>
  <testcase name="addContactsTest" time="14.338" classname="crm.testcases.ContactsPageTest"/>
  <system-out/>
  <testcase name="addContactsTest" time="13.563" classname="crm.testcases.ContactsPageTest"/>
  <system-out/>
  <testcase name="addContactsTest" time="14.804" classname="crm.testcases.ContactsPageTest"/>
  <system-out/>
  <testcase name="addContactsTest" time="14.859" classname="crm.testcases.ContactsPageTest"/>
  <system-out/>
</testsuite> <!-- crm.testcases.ContactsPageTest -->
